<suite name="suite" parallel="classes" thread-count="4">
    <listeners>
        <listener class-name="autotests.ParallelClassesReporter" />
    </listeners>
    <test name="test" >
        <classes>
            <class name="autotests.StoreTests"/>
            <class name="autotests.Store2Tests"/>
        </classes>
    </test>
</suite>