<suite name="suite" parallel="classes" thread-count="4">
    <test name="test" >
        <classes>
            <class name="autotests.samples.StoreTests"/>
            <class name="autotests.samples.StoreTests"/>
        </classes>
    </test>
</suite>